<?xml version="1.0" encoding="UTF-8"?>
<!-- Generated by org.testng.reporters.JUnitXMLReporter -->
<testsuite hostname="DESKTOP-ASDSQIS" ignored="2" name="Default test" tests="1" failures="0" timestamp="12 Sep 2020 14:54:04 GMT" time="16.214" errors="0">
  <testcase name="loginTest" time="4.905" classname="testNGConcepts.RealTimeCode"/>
  <testcase name="checkApplicationTitle" time="0.0" classname="testNGConcepts.RealTimeCode">
    <ignored/>
  </testcase> <!-- checkApplicationTitle -->
  <testcase name="signupLinkTest" time="0.0" classname="testNGConcepts.RealTimeCode">
    <ignored/>
  </testcase> <!-- signupLinkTest -->
</testsuite> <!-- Default test -->
