<?xml version="1.0" encoding="UTF-8"?>
<!-- Generated by org.testng.reporters.JUnitXMLReporter -->
<testsuite hostname="DESKTOP-ASDSQIS" ignored="0" name="Test" tests="8" failures="2" timestamp="06 Sep 2020 13:21:10 GMT" time="36.364" errors="0">
  <testcase name="displayEmailId" time="0.014" classname="testNGConcepts.DisplayPersonalDetails"/>
  <testcase name="displayMobileNo" time="0.002" classname="testNGConcepts.DisplayPersonalDetails"/>
  <testcase name="displayName" time="0.002" classname="testNGConcepts.DisplayPersonalDetails"/>
  <testcase name="login" time="10.09" classname="testNGConcepts.SurveyMonkeyLogin">
    <failure type="java.lang.AssertionError" message="Enter your username expected:&amp;lt;Enter your username&amp;gt; but was:&amp;lt;&amp;apos;Enter your username&amp;apos; text is not matching&amp;gt;">
      <![CDATA[java.lang.AssertionError: Enter your username expected:<Enter your username> but was:<'Enter your username' text is not matching>
at testNGConcepts.SurveyMonkeyLogin.login(SurveyMonkeyLogin.java:25)
... Removed 26 stack frames]]>
    </failure>
  </testcase> <!-- login -->
  <testcase name="launchGoogleApplication" time="7.922" classname="testNGConcepts.GoogleApplication"/>
  <testcase name="login" time="9.208" classname="testNGConcepts.Login">
    <failure type="java.lang.AssertionError" message="Enter your username expected:&amp;lt;Enter your username&amp;gt; but was:&amp;lt;&amp;apos;Enter your username&amp;apos; text is not matching&amp;gt;">
      <![CDATA[java.lang.AssertionError: Enter your username expected:<Enter your username> but was:<'Enter your username' text is not matching>
at testNGConcepts.Login.login(Login.java:25)
... Removed 26 stack frames]]>
    </failure>
  </testcase> <!-- login -->
  <testcase name="launchGoogleApplication" time="9.062" classname="testNGConcepts.VerifyGoogleApplication"/>
  <testcase name="displayMessage" time="0.003" classname="testNGConcepts.FirstTestNGCode"/>
</testsuite> <!-- Test -->
